Musvi/Temp/gradleOut/build/outputs/logs/manifest-merger-release-report.txt
-- Merging decision tree log ---
manifest
ADDED from src\main\AndroidManifest.xml:2:1-35:12
INJECTED from src\main\AndroidManifest.xml:2:1-35:12
INJECTED from src\main\AndroidManifest.xml:2:1-35:12
INJECTED from src\main\AndroidManifest.xml:2:1-35:12
MERGED from [:gvr:] AndroidManifest.xml:2:1-9:12
MERGED from [:TTTSPlugin:] AndroidManifest.xml:2:1-16:12
MERGED from [:unitygvr:] AndroidManifest.xml:2:1-11:12
MERGED from [:VuforiaWrapper:] AndroidManifest.xml:2:1-32:12
MERGED from [:unity-android-resources] AndroidManifest.xml:2:1-9:12
INJECTED from src\main\AndroidManifest.xml:2:1-35:12
INJECTED from src\main\AndroidManifest.xml:2:1-35:12
INJECTED from src\main\AndroidManifest.xml:2:1-35:12
	package
		ADDED from src\main\AndroidManifest.xml:2:70-97
		INJECTED from src\main\AndroidManifest.xml
		INJECTED from src\main\AndroidManifest.xml
	android:versionName
		INJECTED from src\main\AndroidManifest.xml
		ADDED from src\main\AndroidManifest.xml:2:1-35:12
		INJECTED from src\main\AndroidManifest.xml
	android:versionCode
		INJECTED from src\main\AndroidManifest.xml
		ADDED from src\main\AndroidManifest.xml:2:1-35:12
		INJECTED from src\main\AndroidManifest.xml
	xmlns:android
		ADDED from src\main\AndroidManifest.xml:2:11-69
	android:installLocation
		ADDED from src\main\AndroidManifest.xml:2:98-138
uses-permission#android.permission.INTERNET
ADDED from src\main\AndroidManifest.xml:3:3-65
MERGED from [:VuforiaWrapper:] AndroidManifest.xml:14:5-67
MERGED from [:VuforiaWrapper:] AndroidManifest.xml:14:5-67
	android:name
		ADDED from src\main\AndroidManifest.xml:3:20-62
uses-permission#android.permission.RECORD_AUDIO
ADDED from src\main\AndroidManifest.xml:4:3-69
	android:name
		ADDED from src\main\AndroidManifest.xml:4:20-66
uses-permission#android.permission.WRITE_EXTERNAL_STORAGE
ADDED from src\main\AndroidManifest.xml:5:3-79
MERGED from [:VuforiaWrapper:] AndroidManifest.xml:17:5-81
MERGED from [:VuforiaWrapper:] AndroidManifest.xml:17:5-81
	android:name
		ADDED from src\main\AndroidManifest.xml:5:20-76
application
ADDED from src\main\AndroidManifest.xml:6:3-21:17
MERGED from [:TTTSPlugin:] AndroidManifest.xml:11:5-14:19
MERGED from [:TTTSPlugin:] AndroidManifest.xml:11:5-14:19
MERGED from [:VuforiaWrapper:] AndroidManifest.xml:19:5-30:19
MERGED from [:VuforiaWrapper:] AndroidManifest.xml:19:5-30:19
	android:supportsRtl
		ADDED from [:TTTSPlugin:] AndroidManifest.xml:13:9-35
	android:label
		ADDED from src\main\AndroidManifest.xml:6:16-48
	android:debuggable
		ADDED from [:VuforiaWrapper:] AndroidManifest.xml:19:18-44
	android:allowBackup
		ADDED from [:TTTSPlugin:] AndroidManifest.xml:12:9-35
	android:icon
		ADDED from src\main\AndroidManifest.xml:6:109-140
	android:banner
		ADDED from src\main\AndroidManifest.xml:6:71-108
	android:theme
		ADDED from src\main\AndroidManifest.xml:6:141-179
	android:isGame
		ADDED from src\main\AndroidManifest.xml:6:49-70
activity#com.unity3d.player.UnityPlayerActivity
ADDED from src\main\AndroidManifest.xml:7:5-16:16
	android:screenOrientation
		ADDED from src\main\AndroidManifest.xml:7:102-140
	android:label
		ADDED from src\main\AndroidManifest.xml:7:69-101
	android:launchMode
		ADDED from src\main\AndroidManifest.xml:7:141-172
	android:hardwareAccelerated
		ADDED from src\main\AndroidManifest.xml:7:355-390
	android:resizeableActivity
		ADDED from src\main\AndroidManifest.xml:7:391-425
	android:configChanges
		ADDED from src\main\AndroidManifest.xml:7:173-354
	android:name
		ADDED from src\main\AndroidManifest.xml:7:15-68
intent-filter#android.intent.action.MAIN+android.intent.category.LAUNCHER+com.google.intent.category.CARDBOARD+com.google.intent.category.DAYDREAM
ADDED from src\main\AndroidManifest.xml:8:7-13:23
action#android.intent.action.MAIN
ADDED from src\main\AndroidManifest.xml:9:9-61
	android:name
		ADDED from src\main\AndroidManifest.xml:9:17-58
category#android.intent.category.LAUNCHER
ADDED from src\main\AndroidManifest.xml:10:9-69
	android:name
		ADDED from src\main\AndroidManifest.xml:10:19-66
category#com.google.intent.category.CARDBOARD
ADDED from src\main\AndroidManifest.xml:11:9-73
	android:name
		ADDED from src\main\AndroidManifest.xml:11:19-70
category#com.google.intent.category.DAYDREAM
ADDED from src\main\AndroidManifest.xml:12:9-72
	android:name
		ADDED from src\main\AndroidManifest.xml:12:19-69
meta-data#com.google.android.vr.icon
ADDED from src\main\AndroidManifest.xml:14:7-105
	android:resource
		ADDED from src\main\AndroidManifest.xml:14:60-102
	android:name
		ADDED from src\main\AndroidManifest.xml:14:18-59
meta-data#com.google.android.vr.icon_background
ADDED from src\main\AndroidManifest.xml:15:7-115
	android:resource
		ADDED from src\main\AndroidManifest.xml:15:71-112
	android:name
		ADDED from src\main\AndroidManifest.xml:15:18-70
meta-data#unityplayer.SkipPermissionsDialog
ADDED from src\main\AndroidManifest.xml:17:5-88
	android:value
		ADDED from src\main\AndroidManifest.xml:17:65-85
	android:name
		ADDED from src\main\AndroidManifest.xml:17:16-64
meta-data#unity.build-id
ADDED from src\main\AndroidManifest.xml:18:5-101
	android:value
		ADDED from src\main\AndroidManifest.xml:18:46-98
	android:name
		ADDED from src\main\AndroidManifest.xml:18:16-45
meta-data#unity.splash-mode
ADDED from src\main\AndroidManifest.xml:19:5-69
	android:value
		ADDED from src\main\AndroidManifest.xml:19:49-66
	android:name
		ADDED from src\main\AndroidManifest.xml:19:16-48
meta-data#unity.splash-enable
ADDED from src\main\AndroidManifest.xml:20:5-75
	android:value
		ADDED from src\main\AndroidManifest.xml:20:51-72
	android:name
		ADDED from src\main\AndroidManifest.xml:20:16-50
uses-feature#0x00020000
ADDED from src\main\AndroidManifest.xml:22:3-52
	android:glEsVersion
		ADDED from src\main\AndroidManifest.xml:22:17-49
uses-feature#android.hardware.vr.headtracking
ADDED from src\main\AndroidManifest.xml:23:3-112
	android:version
		ADDED from src\main\AndroidManifest.xml:23:90-109
	android:required
		ADDED from src\main\AndroidManifest.xml:23:65-89
	android:name
		ADDED from src\main\AndroidManifest.xml:23:17-64
uses-feature#android.software.vr.mode
ADDED from src\main\AndroidManifest.xml:24:3-84
	android:required
		ADDED from src\main\AndroidManifest.xml:24:57-81
	android:name
		ADDED from src\main\AndroidManifest.xml:24:17-56
uses-feature#android.hardware.vr.high_performance
ADDED from src\main\AndroidManifest.xml:25:3-96
	android:required
		ADDED from src\main\AndroidManifest.xml:25:69-93
	android:name
		ADDED from src\main\AndroidManifest.xml:25:17-68
uses-permission#android.permission.READ_EXTERNAL_STORAGE
ADDED from src\main\AndroidManifest.xml:26:3-78
	android:name
		ADDED from src\main\AndroidManifest.xml:26:20-75
uses-permission#android.permission.CAMERA
ADDED from src\main\AndroidManifest.xml:27:3-63
MERGED from [:VuforiaWrapper:] AndroidManifest.xml:15:5-65
MERGED from [:VuforiaWrapper:] AndroidManifest.xml:15:5-65
	android:name
		ADDED from src\main\AndroidManifest.xml:27:20-60
uses-feature#android.hardware.camera
ADDED from src\main\AndroidManifest.xml:28:3-83
MERGED from [:VuforiaWrapper:] AndroidManifest.xml:12:5-60
MERGED from [:VuforiaWrapper:] AndroidManifest.xml:12:5-60
	android:required
		ADDED from src\main\AndroidManifest.xml:28:56-80
		MERGED from src\main\AndroidManifest.xml:28:56-80
	android:name
		ADDED from src\main\AndroidManifest.xml:28:17-55
uses-feature#android.hardware.camera.autofocus
ADDED from src\main\AndroidManifest.xml:29:3-93
	android:required
		ADDED from src\main\AndroidManifest.xml:29:66-90
	android:name
		ADDED from src\main\AndroidManifest.xml:29:17-65
uses-feature#android.hardware.camera.front
ADDED from src\main\AndroidManifest.xml:30:3-89
	android:required
		ADDED from src\main\AndroidManifest.xml:30:62-86
	android:name
		ADDED from src\main\AndroidManifest.xml:30:17-61
uses-feature#android.hardware.microphone
ADDED from src\main\AndroidManifest.xml:31:3-87
	android:required
		ADDED from src\main\AndroidManifest.xml:31:60-84
	android:name
		ADDED from src\main\AndroidManifest.xml:31:17-59
uses-feature#android.hardware.touchscreen
ADDED from src\main\AndroidManifest.xml:32:3-88
	android:required
		ADDED from src\main\AndroidManifest.xml:32:61-85
	android:name
		ADDED from src\main\AndroidManifest.xml:32:17-60
uses-feature#android.hardware.touchscreen.multitouch
ADDED from src\main\AndroidManifest.xml:33:3-99
	android:required
		ADDED from src\main\AndroidManifest.xml:33:72-96
	android:name
		ADDED from src\main\AndroidManifest.xml:33:17-71
uses-feature#android.hardware.touchscreen.multitouch.distinct
ADDED from src\main\AndroidManifest.xml:34:3-108
	android:required
		ADDED from src\main\AndroidManifest.xml:34:81-105
	android:name
		ADDED from src\main\AndroidManifest.xml:34:17-80
uses-sdk
INJECTED from src\main\AndroidManifest.xml reason: use-sdk injection requested
INJECTED from src\main\AndroidManifest.xml
INJECTED from src\main\AndroidManifest.xml
MERGED from [:gvr:] AndroidManifest.xml:5:5-7:41
MERGED from [:gvr:] AndroidManifest.xml:5:5-7:41
MERGED from [:TTTSPlugin:] AndroidManifest.xml:7:5-9:41
MERGED from [:TTTSPlugin:] AndroidManifest.xml:7:5-9:41
MERGED from [:unitygvr:] AndroidManifest.xml:7:5-9:41
MERGED from [:unitygvr:] AndroidManifest.xml:7:5-9:41
MERGED from [:VuforiaWrapper:] AndroidManifest.xml:8:5-10:41
MERGED from [:VuforiaWrapper:] AndroidManifest.xml:8:5-10:41
MERGED from [:unity-android-resources] AndroidManifest.xml:7:5-47
MERGED from [:unity-android-resources] AndroidManifest.xml:7:5-47
INJECTED from src\main\AndroidManifest.xml
INJECTED from src\main\AndroidManifest.xml
	android:targetSdkVersion
		INJECTED from src\main\AndroidManifest.xml
		ADDED from src\main\AndroidManifest.xml
		INJECTED from src\main\AndroidManifest.xml
	android:minSdkVersion
		INJECTED from src\main\AndroidManifest.xml
		ADDED from src\main\AndroidManifest.xml
		MERGED from src\main\AndroidManifest.xml
		INJECTED from src\main\AndroidManifest.xml
uses-permission#android.permission.ACCESS_NETWORK_STATE
ADDED from [:VuforiaWrapper:] AndroidManifest.xml:16:5-79
	android:name
		ADDED from [:VuforiaWrapper:] AndroidManifest.xml:16:22-76
meta-data#com.google.ar.core
ADDED from [:VuforiaWrapper:] AndroidManifest.xml:22:9-24:40
	android:value
		ADDED from [:VuforiaWrapper:] AndroidManifest.xml:24:13-37
	android:name
		ADDED from [:VuforiaWrapper:] AndroidManifest.xml:23:13-46
uses-library#com.osterhoutgroup.api.ext
ADDED from [:VuforiaWrapper:] AndroidManifest.xml:27:9-29:40
	android:required
		ADDED from [:VuforiaWrapper:] AndroidManifest.xml:29:13-37
	android:name
		ADDED from [:VuforiaWrapper:] AndroidManifest.xml:28:13-54